#
# There is insufficient memory for the Java Runtime Environment to continue.
# Native memory allocation (mmap) failed to map 134217728 bytes for Failed to commit area from 0x0000000081e00000 to 0x0000000089e00000 of length 134217728.
# Possible reasons:
#   The system is out of physical RAM or swap space
#   The process is running with CompressedOops enabled, and the Java Heap may be blocking the growth of the native heap
# Possible solutions:
#   Reduce memory load on the system
#   Increase physical memory or swap space
#   Check if swap backing store is full
#   Decrease Java heap size (-Xmx/-Xms)
#   Decrease number of Java threads
#   Decrease Java thread stack sizes (-Xss)
#   Set larger code cache with -XX:ReservedCodeCacheSize=
# This output file may be truncated or incomplete.
#
#  Out of Memory Error (src/hotspot/os/windows/os_windows.cpp:3627), pid=21248, tid=696
#
# JRE version:  (11.0.15+10) (build )
# Java VM: OpenJDK 64-Bit Server VM (11.0.15+10-b2043.56, mixed mode, sharing, tiered, compressed oops, g1 gc, windows-amd64)
# No core dump will be written. Minidumps are not enabled by default on client versions of Windows
#

---------------  S U M M A R Y ------------

Command Line: git4idea.http.GitAskPassApp Username for 'https://github.com': 

Host: Intel(R) Core(TM) i5-8265U CPU @ 1.60GHz, 8 cores, 7G,  Windows 11 , 64 bit Build 22000 (10.0.22000.708)
Time: Wed Aug 31 18:29:53 2022 GMT Daylight Time elapsed time: 0.019829 seconds (0d 0h 0m 0s)

---------------  T H R E A D  ---------------

Current thread (0x0000010de01d8000):  JavaThread "Unknown thread" [_thread_in_vm, id=696, stack(0x000000050a800000,0x000000050a900000)]

Stack: [0x000000050a800000,0x000000050a900000]
Native frames: (J=compiled Java code, j=interpreted, Vv=VM code, C=native code)
V  [jvm.dll+0x61612a]
V  [jvm.dll+0x79c450]
V  [jvm.dll+0x79da6d]
V  [jvm.dll+0x79e143]
V  [jvm.dll+0x24cc18]
V  [jvm.dll+0x613174]
V  [jvm.dll+0x607e55]
V  [jvm.dll+0x30b1cb]
V  [jvm.dll+0x30b13a]
V  [jvm.dll+0x30b012]
V  [jvm.dll+0x30ff76]
V  [jvm.dll+0x35b4c3]
V  [jvm.dll+0x35bbc6]
V  [jvm.dll+0x35b5c3]
V  [jvm.dll+0x2e5918]
V  [jvm.dll+0x2e6ab7]
V  [jvm.dll+0x7794f7]
V  [jvm.dll+0x77acec]
V  [jvm.dll+0x368a59]
V  [jvm.dll+0x75ce8e]
V  [jvm.dll+0x3d6a33]
V  [jvm.dll+0x3d9001]
C  [jli.dll+0x536b]
C  [ucrtbase.dll+0x26c0c]
C  [KERNEL32.DLL+0x154e0]
C  [ntdll.dll+0x485b]


---------------  P R O C E S S  ---------------

Threads class SMR info:
_java_thread_list=0x0000010dde0f4af0, length=0, elements={
}

Java Threads: ( => current thread )

Other Threads:
  0x0000010de01f4800 GCTaskThread "GC Thread#0" [stack: 0x000000050a900000,0x000000050aa00000] [id=27716]
  0x0000010de0225000 ConcurrentGCThread "G1 Main Marker" [stack: 0x000000050aa00000,0x000000050ab00000] [id=12308]
  0x0000010de0228000 ConcurrentGCThread "G1 Conc#0" [stack: 0x000000050ab00000,0x000000050ac00000] [id=29040]

[error occurred during error reporting (printing all threads), id 0xc0000005, EXCEPTION_ACCESS_VIOLATION (0xc0000005) at pc=0x00007fff54c56017]

VM state:not at safepoint (not fully initialized)

VM Mutex/Monitor currently owned by a thread:  ([mutex/lock_event])
[0x0000010de01d5850] Heap_lock - owner thread: 0x0000010de01d8000

Heap address: 0x0000000081e00000, size: 2018 MB, Compressed Oops mode: Non-zero based: 0x0000000081e00000
Narrow klass base: 0x0000000000000000, Narrow klass shift: 0

GC Heap History (0 events):
No events

Deoptimization events (0 events):
No events

Classes redefined (0 events):
No events

Internal exceptions (0 events):
No events

Events (1 events):
Event: 0.014 Loaded shared library C:\Program Files\JetBrains\PyCharm Community Edition 2022.1.2\jbr\bin\zip.dll


Dynamic libraries:
0x00007ff7fca60000 - 0x00007ff7fca6a000 	C:\Program Files\JetBrains\PyCharm Community Edition 2022.1.2\jbr\bin\java.exe
0x00007fffac740000 - 0x00007fffac949000 	C:\WINDOWS\SYSTEM32\ntdll.dll
0x00007fff67900000 - 0x00007fff67917000 	C:\Program Files\Avast Software\Avast\aswhook.dll
0x00007fffabed0000 - 0x00007fffabf8d000 	C:\WINDOWS\System32\KERNEL32.DLL
0x00007fffaa220000 - 0x00007fffaa59d000 	C:\WINDOWS\System32\KERNELBASE.dll
0x00007fffaa100000 - 0x00007fffaa211000 	C:\WINDOWS\System32\ucrtbase.dll
0x00007fff8cb30000 - 0x00007fff8cb49000 	C:\Program Files\JetBrains\PyCharm Community Edition 2022.1.2\jbr\bin\jli.dll
0x00007fffab060000 - 0x00007fffab20d000 	C:\WINDOWS\System32\USER32.dll
0x00007fff8c180000 - 0x00007fff8c196000 	C:\Program Files\JetBrains\PyCharm Community Edition 2022.1.2\jbr\bin\VCRUNTIME140.dll
0x00007fffaa5a0000 - 0x00007fffaa5c6000 	C:\WINDOWS\System32\win32u.dll
0x00007fff93d10000 - 0x00007fff93fb5000 	C:\WINDOWS\WinSxS\amd64_microsoft.windows.common-controls_6595b64144ccf1df_6.0.22000.120_none_9d947278b86cc467\COMCTL32.dll
0x00007fffab9d0000 - 0x00007fffab9f9000 	C:\WINDOWS\System32\GDI32.dll
0x00007fffac400000 - 0x00007fffac4a3000 	C:\WINDOWS\System32\msvcrt.dll
0x00007fffa9d80000 - 0x00007fffa9e98000 	C:\WINDOWS\System32\gdi32full.dll
0x00007fffa9c20000 - 0x00007fffa9cbd000 	C:\WINDOWS\System32\msvcp_win.dll
0x00007fffaa790000 - 0x00007fffaa7c1000 	C:\WINDOWS\System32\IMM32.DLL
0x00007fff4fb40000 - 0x00007fff4fbea000 	C:\Program Files\JetBrains\PyCharm Community Edition 2022.1.2\jbr\bin\msvcp140.dll
0x00007fff54960000 - 0x00007fff554db000 	C:\Program Files\JetBrains\PyCharm Community Edition 2022.1.2\jbr\bin\server\jvm.dll
0x00007fffac650000 - 0x00007fffac6fe000 	C:\WINDOWS\System32\ADVAPI32.dll
0x00007fffaa6f0000 - 0x00007fffaa78e000 	C:\WINDOWS\System32\sechost.dll
0x00007fffac4c0000 - 0x00007fffac5e0000 	C:\WINDOWS\System32\RPCRT4.dll
0x00007fffac4b0000 - 0x00007fffac4b8000 	C:\WINDOWS\System32\PSAPI.DLL
0x00007fff9aef0000 - 0x00007fff9aefa000 	C:\WINDOWS\SYSTEM32\VERSION.dll
0x00007fffa3770000 - 0x00007fffa37a3000 	C:\WINDOWS\SYSTEM32\WINMM.dll
0x00007fff984f0000 - 0x00007fff984f9000 	C:\WINDOWS\SYSTEM32\WSOCK32.dll
0x00007fffaa8b0000 - 0x00007fffaa91f000 	C:\WINDOWS\System32\WS2_32.dll
0x00007fffa8d20000 - 0x00007fffa8d38000 	C:\WINDOWS\SYSTEM32\kernel.appcore.dll
0x00007fffa33c0000 - 0x00007fffa33d1000 	C:\Program Files\JetBrains\PyCharm Community Edition 2022.1.2\jbr\bin\verify.dll
0x00007fffa7870000 - 0x00007fffa7a91000 	C:\WINDOWS\SYSTEM32\DBGHELP.DLL
0x00007fff9aeb0000 - 0x00007fff9aee1000 	C:\WINDOWS\SYSTEM32\dbgcore.DLL
0x00007fffa9ea0000 - 0x00007fffa9f1f000 	C:\WINDOWS\System32\bcryptPrimitives.dll
0x00007fff8ca50000 - 0x00007fff8ca79000 	C:\Program Files\JetBrains\PyCharm Community Edition 2022.1.2\jbr\bin\java.dll
0x00007fffa4140000 - 0x00007fffa414b000 	C:\Program Files\JetBrains\PyCharm Community Edition 2022.1.2\jbr\bin\jimage.dll
0x00007fff99470000 - 0x00007fff99489000 	C:\Program Files\JetBrains\PyCharm Community Edition 2022.1.2\jbr\bin\zip.dll

dbghelp: loaded successfully - version: 4.0.5 - missing functions: none
symbol engine: initialized successfully - sym options: 0x614 - pdb path: .;C:\Program Files\JetBrains\PyCharm Community Edition 2022.1.2\jbr\bin;C:\WINDOWS\SYSTEM32;C:\Program Files\Avast Software\Avast;C:\WINDOWS\WinSxS\amd64_microsoft.windows.common-controls_6595b64144ccf1df_6.0.22000.120_none_9d947278b86cc467;C:\Program Files\JetBrains\PyCharm Community Edition 2022.1.2\jbr\bin\server

VM Arguments:
java_command: git4idea.http.GitAskPassApp Username for 'https://github.com': 
java_class_path (initial): C:/Program Files/JetBrains/PyCharm Community Edition 2022.1.2/plugins/git4idea/lib/git4idea-rt.jar;C:/Program Files/JetBrains/PyCharm Community Edition 2022.1.2/lib/externalProcess-rt.jar;C:/Program Files/JetBrains/PyCharm Community Edition 2022.1.2/lib/app.jar;C:/Program Files/JetBrains/PyCharm Community Edition 2022.1.2/lib/3rd-party-rt.jar
Launcher Type: SUN_STANDARD

[Global flags]
     intx CICompilerCount                          = 4                                         {product} {ergonomic}
     uint ConcGCThreads                            = 2                                         {product} {ergonomic}
     uint G1ConcRefinementThreads                  = 8                                         {product} {ergonomic}
   size_t G1HeapRegionSize                         = 1048576                                   {product} {ergonomic}
    uintx GCDrainStackTargetSize                   = 64                                        {product} {ergonomic}
   size_t InitialHeapSize                          = 134217728                                 {product} {ergonomic}
   size_t MarkStackSize                            = 4194304                                   {product} {ergonomic}
   size_t MaxHeapSize                              = 2116026368                                {product} {ergonomic}
   size_t MinHeapDeltaBytes                        = 1048576                                   {product} {ergonomic}
    uintx NonNMethodCodeHeapSize                   = 5836300                                {pd product} {ergonomic}
    uintx NonProfiledCodeHeapSize                  = 122910970                              {pd product} {ergonomic}
    uintx ProfiledCodeHeapSize                     = 122910970                              {pd product} {ergonomic}
    uintx ReservedCodeCacheSize                    = 251658240                              {pd product} {ergonomic}
     bool SegmentedCodeCache                       = true                                      {product} {ergonomic}
     bool UseCompressedClassPointers               = true                                 {lp64_product} {ergonomic}
     bool UseCompressedOops                        = true                                 {lp64_product} {ergonomic}
     bool UseG1GC                                  = true                                      {product} {ergonomic}
     bool UseLargePagesIndividualAllocation        = false                                  {pd product} {ergonomic}

Logging:
Log output configuration:
 #0: stdout all=warning uptime,level,tags
 #1: stderr all=off uptime,level,tags

Environment Variables:
PATH=C:\Program Files\Git\mingw64\libexec\git-core;C:\Program Files\Git\mingw64\libexec\git-core;C:\Program Files\Git\mingw64\bin;C:\Program Files\Git\usr\bin;C:\Users\adria\bin;C:\Users\adria\Desktop\Advanced Programming\ca_4\venv\Scripts;C:\WINDOWS\system32;C:\WINDOWS;C:\WINDOWS\System32\Wbem;C:\WINDOWS\System32\WindowsPowerShell\v1.0;C:\WINDOWS\System32\OpenSSH;C:\Program Files\Microsoft SQL Server\Client SDK\ODBC\170\Tools\Binn;C:\Program Files (x86)\Microsoft SQL Server\150\Tools\Binn;C:\Program Files\Microsoft SQL Server\150\Tools\Binn;C:\Program Files\Microsoft SQL Server\150\DTS\Binn;C:\Program Files\dotnet;C:\Program Files\Microsoft SQL Server\130\Tools\Binn;C:\Program Files\Microsoft SQL Server\Client SDK\ODBC\130\Tools\Binn;C:\Program Files (x86)\Microsoft SQL Server\140\Tools\Binn;C:\Program Files\Microsoft SQL Server\140\Tools\Binn;C:\Program Files\Microsoft SQL Server\140\DTS\Binn;C:\Program Files (x86)\Microsoft SQL Server\150\DTS\Binn;C:\Program Files\Azure Data Studio\bin;C:\Program Files (x86)\Microsoft Visual Studio\Shared\Python37_64;C:\Program Files (x86)\Microsoft Visual Studio\Shared\Python37_64\Scripts;C:\Program Files\Git\cmd;C:\Users\adria\AppData\Local\Microsoft\WindowsApps;C:\Users\adria\.dotnet\tools;C:\Program Files\Azure Data Studio\bin;C:\Users\adria\AppData\Local\GitHubDesktop\bin
USERNAME=Adriana
DISPLAY=:0.0
LC_ALL=en_US.UTF-8
OS=Windows_NT
PROCESSOR_IDENTIFIER=Intel64 Family 6 Model 142 Stepping 12, GenuineIntel



---------------  S Y S T E M  ---------------

OS: Windows 11 , 64 bit Build 22000 (10.0.22000.708)
OS uptime: 3 days 2:44 hours

CPU:total 8 (initial active 8) (4 cores per cpu, 2 threads per core) family 6 model 142 stepping 12 microcode 0xde, cmov, cx8, fxsr, mmx, sse, sse2, sse3, ssse3, sse4.1, sse4.2, popcnt, avx, avx2, aes, clmul, erms, 3dnowpref, lzcnt, ht, tsc, tscinvbit, bmi1, bmi2, adx, fma

Memory: 4k page, system-wide physical 8071M (402M free)
TotalPageFile size 32647M (AvailPageFile size 99M)
current process WorkingSet (physical memory assigned to process): 10M, peak: 10M
current process commit charge ("private bytes"): 60M, peak: 188M

vm_info: OpenJDK 64-Bit Server VM (11.0.15+10-b2043.56) for windows-amd64 JRE (11.0.15+10-b2043.56), built on May 16 2022 02:28:12 by "" with MS VC++ 14.0 (VS2015)

END.
